[0515/144813.971:ERROR:process_reader_win.cc(173)] ResumeThread: 参数错误。 (0x57)
[0515/144813.979:ERROR:process_reader_win.cc(114)] NtOpenThread: 指定无效的客户端 ID。  (0xc000000b)
[0515/144813.984:ERROR:process_reader_win.cc(114)] NtOpenThread: 指定无效的客户端 ID。  (0xc000000b)
[0515/144813.984:ERROR:process_reader_win.cc(114)] NtOpenThread: 指定无效的客户端 ID。  (0xc000000b)
[0515/144813.984:ERROR:process_reader_win.cc(114)] NtOpenThread: 指定无效的客户端 ID。  (0xc000000b)
[0515/144813.984:ERROR:process_reader_win.cc(114)] NtOpenThread: 指定无效的客户端 ID。  (0xc000000b)
[0515/144813.985:ERROR:process_reader_win.cc(114)] NtOpenThread: 指定无效的客户端 ID。  (0xc000000b)
[0515/144813.985:ERROR:process_reader_win.cc(114)] NtOpenThread: 指定无效的客户端 ID。  (0xc000000b)
[0515/144813.985:ERROR:process_reader_win.cc(114)] NtOpenThread: 指定无效的客户端 ID。  (0xc000000b)
[0515/144813.985:ERROR:process_reader_win.cc(114)] NtOpenThread: 指定无效的客户端 ID。  (0xc000000b)
[0515/144813.985:ERROR:process_reader_win.cc(114)] NtOpenThread: 指定无效的客户端 ID。  (0xc000000b)
[0515/144813.985:ERROR:process_reader_win.cc(114)] NtOpenThread: 指定无效的客户端 ID。  (0xc000000b)
[0515/144813.985:ERROR:process_reader_win.cc(114)] NtOpenThread: 指定无效的客户端 ID。  (0xc000000b)
[0515/144813.985:ERROR:process_reader_win.cc(114)] NtOpenThread: 指定无效的客户端 ID。  (0xc000000b)
[0515/144813.985:ERROR:process_reader_win.cc(114)] NtOpenThread: 指定无效的客户端 ID。  (0xc000000b)
[0515/144813.985:ERROR:process_reader_win.cc(114)] NtOpenThread: 指定无效的客户端 ID。  (0xc000000b)
[0515/144813.985:ERROR:exception_snapshot_win.cc(87)] thread ID 7304 not found in process
[0515/144813.985:WARNING:crash_report_exception_handler.cc(60)] ProcessSnapshotWin::Initialize failed
[0515/144813.985:ERROR:scoped_process_suspend.cc(38)] NtResumeProcess: 已尝试访问正在退出的过程。  (0xc000010a)
[0518/221047.459:ERROR:process_reader_win.cc(173)] ResumeThread: 参数错误。 (0x57)
[0518/221047.471:ERROR:process_reader_win.cc(142)] SuspendThread: 拒绝访问。 (0x5)
[0518/221047.471:ERROR:process_reader_win.cc(142)] SuspendThread: 拒绝访问。 (0x5)
[0518/221047.471:ERROR:process_reader_win.cc(114)] NtOpenThread: 指定无效的客户端 ID。  (0xc000000b)
[0518/221047.659:ERROR:process_reader_win.cc(114)] NtOpenThread: 指定无效的客户端 ID。  (0xc000000b)
[0518/221047.659:ERROR:process_reader_win.cc(114)] NtOpenThread: 指定无效的客户端 ID。  (0xc000000b)
[0518/221047.659:ERROR:process_reader_win.cc(114)] NtOpenThread: 指定无效的客户端 ID。  (0xc000000b)
[0518/221047.659:ERROR:process_reader_win.cc(114)] NtOpenThread: 指定无效的客户端 ID。  (0xc000000b)
[0518/221047.659:ERROR:process_reader_win.cc(114)] NtOpenThread: 指定无效的客户端 ID。  (0xc000000b)
[0518/221047.659:ERROR:process_reader_win.cc(114)] NtOpenThread: 指定无效的客户端 ID。  (0xc000000b)
[0518/221047.659:ERROR:process_reader_win.cc(114)] NtOpenThread: 指定无效的客户端 ID。  (0xc000000b)
[0518/221047.659:ERROR:process_reader_win.cc(114)] NtOpenThread: 指定无效的客户端 ID。  (0xc000000b)
[0518/221047.659:ERROR:process_reader_win.cc(114)] NtOpenThread: 指定无效的客户端 ID。  (0xc000000b)
[0518/221047.659:ERROR:process_reader_win.cc(114)] NtOpenThread: 指定无效的客户端 ID。  (0xc000000b)
[0518/221047.659:ERROR:process_reader_win.cc(114)] NtOpenThread: 指定无效的客户端 ID。  (0xc000000b)
[0518/221047.659:ERROR:process_reader_win.cc(233)] ReadMemory at 0x13da34 of 8 bytes failed: 仅完成部分的 ReadProcessMemory 或 WriteProcessMemory 请求。 (0x12B)
[0518/221047.660:ERROR:exception_snapshot_win.cc(180)] EXCEPTION_POINTERS read failed
[0518/221047.660:WARNING:crash_report_exception_handler.cc(60)] ProcessSnapshotWin::Initialize failed
[0518/221047.660:ERROR:scoped_process_suspend.cc(38)] NtResumeProcess: 已尝试访问正在退出的过程。  (0xc000010a)
